<?xml version='1.0'?>
<ns2:test-suite xmlns:ns2='urn:model.allure.qatools.yandex.ru' start='1677662349608' stop='1677662380247'>
    <name>Login</name>
    <title>Login</title>
    <test-cases>
        <test-case start='1677662349609' status='passed' stop='1677662363024'>
            <name>Validate Login</name>
            <title>Validate Login</title>
            <labels>
                <label name='language' value='javascript'/>
                <label name='framework' value='wdio'/>
                <label name='thread' value='0-0'/>
                <label name='language' value='javascript'/>
                <label name='framework' value='wdio'/>
                <label name='thread' value='0-0'/>
                <label name='feature' value='Track and Trace Application Testing'/>
            </labels>
            <parameters>
                <parameter kind='argument' name='browser' value='chrome-110.0.5481.178'/>
                <parameter kind='argument' name='browser' value='chrome-110.0.5481.178'/>
            </parameters>
            <steps>
                <step start='1677662355175' status='passed' stop='1677662355175'>
                    <name>Brower has been opened successfully</name>
                    <title>Brower has been opened successfully</title>
                    <attachments/>
                    <steps/>
                </step>
                <step start='1677662356058' status='passed' stop='1677662356058'>
                    <name>User has entered username and password</name>
                    <title>User has entered username and password</title>
                    <attachments/>
                    <steps/>
                </step>
                <step start='1677662356446' status='passed' stop='1677662356446'>
                    <name>User has clicking on the Remember me and LOGIN button</name>
                    <title>User has clicking on the Remember me and LOGIN button</title>
                    <attachments/>
                    <steps/>
                </step>
                <step start='1677662358655' status='passed' stop='1677662358655'>
                    <name>Validate heading after login to the application in the dashboard page</name>
                    <title>Validate heading after login to the application in the dashboard page</title>
                    <attachments/>
                    <steps/>
                </step>
                <step start='1677662361019' status='passed' stop='1677662361019'>
                    <name>Clicking on the logout button</name>
                    <title>Clicking on the logout button</title>
                    <attachments/>
                    <steps/>
                </step>
            </steps>
            <attachments>
                <attachment title='Screenshot' source='2b672842-091c-4f6b-b61f-c41b84f6116a-attachment.png' type='image/png' size='105694'/>
                <attachment title='Screenshot' source='b43f0e95-8324-43a4-9057-e579302e7709-attachment.png' type='image/png' size='105362'/>
                <attachment title='Screenshot' source='fcef12bd-6cec-428d-aa78-b9118115cbbe-attachment.png' type='image/png' size='191630'/>
                <attachment title='Screenshot' source='7015dff5-e906-4efc-a119-7479bf5f15fc-attachment.png' type='image/png' size='196851'/>
            </attachments>
        </test-case>
        <test-case start='1677662363025' status='passed' stop='1677662370394'>
            <name>Validate Login with wrong Email</name>
            <title>Validate Login with wrong Email</title>
            <labels>
                <label name='language' value='javascript'/>
                <label name='framework' value='wdio'/>
                <label name='thread' value='0-0'/>
                <label name='language' value='javascript'/>
                <label name='framework' value='wdio'/>
                <label name='thread' value='0-0'/>
                <label name='feature' value='Track and Trace Application Testing'/>
            </labels>
            <parameters>
                <parameter kind='argument' name='browser' value='chrome-110.0.5481.178'/>
                <parameter kind='argument' name='browser' value='chrome-110.0.5481.178'/>
            </parameters>
            <steps>
                <step start='1677662367203' status='passed' stop='1677662367203'>
                    <name>Brower has been opened successfully</name>
                    <title>Brower has been opened successfully</title>
                    <attachments/>
                    <steps/>
                </step>
                <step start='1677662368034' status='passed' stop='1677662368034'>
                    <name>User has entered username and password</name>
                    <title>User has entered username and password</title>
                    <attachments/>
                    <steps/>
                </step>
                <step start='1677662368383' status='passed' stop='1677662368383'>
                    <name>User has clicking on the Remember me and LOGIN button</name>
                    <title>User has clicking on the Remember me and LOGIN button</title>
                    <attachments/>
                    <steps/>
                </step>
            </steps>
            <attachments>
                <attachment title='Screenshot' source='d79a59d5-d4e4-40f3-a26f-697c820270de-attachment.png' type='image/png' size='105200'/>
                <attachment title='Screenshot' source='1be1b730-b8f3-4791-9543-685e1cabb60d-attachment.png' type='image/png' size='104791'/>
            </attachments>
        </test-case>
        <test-case start='1677662370396' status='passed' stop='1677662376902'>
            <name>Validate Login with wrong Password</name>
            <title>Validate Login with wrong Password</title>
            <labels>
                <label name='language' value='javascript'/>
                <label name='framework' value='wdio'/>
                <label name='thread' value='0-0'/>
                <label name='language' value='javascript'/>
                <label name='framework' value='wdio'/>
                <label name='thread' value='0-0'/>
                <label name='feature' value='Track and Trace Application Testing'/>
            </labels>
            <parameters>
                <parameter kind='argument' name='browser' value='chrome-110.0.5481.178'/>
                <parameter kind='argument' name='browser' value='chrome-110.0.5481.178'/>
            </parameters>
            <steps>
                <step start='1677662373776' status='passed' stop='1677662373776'>
                    <name>Brower has been opened successfully</name>
                    <title>Brower has been opened successfully</title>
                    <attachments/>
                    <steps/>
                </step>
                <step start='1677662374516' status='passed' stop='1677662374516'>
                    <name>User has entered username and password</name>
                    <title>User has entered username and password</title>
                    <attachments/>
                    <steps/>
                </step>
                <step start='1677662374889' status='passed' stop='1677662374889'>
                    <name>User has clicking on the Remember me and LOGIN button</name>
                    <title>User has clicking on the Remember me and LOGIN button</title>
                    <attachments/>
                    <steps/>
                </step>
            </steps>
            <attachments>
                <attachment title='Screenshot' source='a8d83932-e97d-4f33-8d4d-aa83d2576d1d-attachment.png' type='image/png' size='106020'/>
                <attachment title='Screenshot' source='e05d8dc5-53ef-4fa9-bfb3-02b46baabb26-attachment.png' type='image/png' size='105446'/>
            </attachments>
        </test-case>
        <test-case start='1677662376902' status='broken' stop='1677662380222'>
            <name>Validate that Email field is mandatory</name>
            <title>Validate that Email field is mandatory</title>
            <labels>
                <label name='language' value='javascript'/>
                <label name='framework' value='wdio'/>
                <label name='thread' value='0-0'/>
                <label name='language' value='javascript'/>
                <label name='framework' value='wdio'/>
                <label name='thread' value='0-0'/>
                <label name='feature' value='Track and Trace Application Testing'/>
            </labels>
            <parameters>
                <parameter kind='argument' name='browser' value='chrome-110.0.5481.178'/>
                <parameter kind='argument' name='browser' value='chrome-110.0.5481.178'/>
            </parameters>
            <steps>
                <step start='1677662380052' status='passed' stop='1677662380052'>
                    <name>Brower has been opened successfully</name>
                    <title>Brower has been opened successfully</title>
                    <attachments/>
                    <steps/>
                </step>
            </steps>
            <attachments/>
            <failure>
                <message>no such window: target window already closed
                from unknown error: web view not found
                  (Session info: chrome=110.0.5481.178)</message>
                <stack-trace>no such window: no such window: target window already closed
                from unknown error: web view not found
                  (Session info: chrome=110.0.5481.178)
                    at processTicksAndRejections (node:internal/process/task_queues:96:5)</stack-trace>
            </failure>
        </test-case>
        <test-case start='1677662380223' status='broken' stop='1677662380246'>
            <name>"before each" hook for Login</name>
            <title>"before each" hook for Login</title>
            <labels>
                <label name='language' value='javascript'/>
                <label name='framework' value='wdio'/>
                <label name='thread' value='0-0'/>
                <label name='language' value='javascript'/>
                <label name='framework' value='wdio'/>
                <label name='thread' value='0-0'/>
            </labels>
            <parameters>
                <parameter kind='argument' name='browser' value='chrome-110.0.5481.178'/>
                <parameter kind='argument' name='browser' value='chrome-110.0.5481.178'/>
            </parameters>
            <steps/>
            <attachments/>
            <failure>
                <message>no such window: target window already closed
                from unknown error: web view not found
                  (Session info: chrome=110.0.5481.178)</message>
                <stack-trace>no such window: no such window: target window already closed
                from unknown error: web view not found
                  (Session info: chrome=110.0.5481.178)
                    at processTicksAndRejections (node:internal/process/task_queues:96:5)
                    at async Context.&lt;anonymous> (C:\Users\argha\WebDriverIO-TrackNTrace\test\specs\Login.js:17:9)</stack-trace>
            </failure>
        </test-case>
    </test-cases>
</ns2:test-suite>