<?xml version='1.0'?>
<ns2:test-suite xmlns:ns2='urn:model.allure.qatools.yandex.ru' start='1677566257239' stop='1677566338396'>
    <name>Login</name>
    <title>Login</title>
    <test-cases>
        <test-case start='1677566257239' status='failed' stop='1677566274752'>
            <name>Validate Login</name>
            <title>Validate Login</title>
            <labels>
                <label name='language' value='javascript'/>
                <label name='framework' value='wdio'/>
                <label name='thread' value='0-0'/>
                <label name='language' value='javascript'/>
                <label name='framework' value='wdio'/>
                <label name='thread' value='0-0'/>
                <label name='feature' value='Track and Trace Application Testing'/>
            </labels>
            <parameters>
                <parameter kind='argument' name='browser' value='chrome-110.0.5481.178'/>
                <parameter kind='argument' name='browser' value='chrome-110.0.5481.178'/>
            </parameters>
            <steps>
                <step start='1677566263009' status='passed' stop='1677566263010'>
                    <name>Brower has been opened successfully</name>
                    <title>Brower has been opened successfully</title>
                    <attachments/>
                    <steps/>
                </step>
                <step start='1677566263836' status='passed' stop='1677566263836'>
                    <name>User has entered username and password</name>
                    <title>User has entered username and password</title>
                    <attachments/>
                    <steps/>
                </step>
                <step start='1677566264162' status='passed' stop='1677566264162'>
                    <name>User has clicking on the Remember me and LOGIN button</name>
                    <title>User has clicking on the Remember me and LOGIN button</title>
                    <attachments/>
                    <steps/>
                </step>
            </steps>
            <attachments>
                <attachment title='Screenshot' source='694964c8-6309-4046-96b4-224327ef63fd-attachment.png' type='image/png' size='105701'/>
                <attachment title='Screenshot' source='96d22d6d-132e-4c63-8636-ae90cc90f457-attachment.png' type='image/png' size='105178'/>
                <attachment title='Screenshot' source='1b2ac9ca-89f6-4583-88a0-6fa044d6a8f1-attachment.png' type='image/png' size='105602'/>
            </attachments>
            <failure>
                <message>Expect window to have url containing
                
                Expected: "dashboard"
                Received: "https://trackandtracee.azurewebsites.net/"</message>
                <stack-trace>Error: Expect window to have url containing
                
                Expected: "dashboard"
                Received: "https://trackandtracee.azurewebsites.net/"
                    at Context.&lt;anonymous> (C:\Users\argha\WebDriverIO-TrackNTrace\test\specs\Login.js:28:31)
                    at processTicksAndRejections (node:internal/process/task_queues:96:5)</stack-trace>
            </failure>
        </test-case>
        <test-case start='1677566274752' status='passed' stop='1677566281990'>
            <name>Validate Login with wrong Email</name>
            <title>Validate Login with wrong Email</title>
            <labels>
                <label name='language' value='javascript'/>
                <label name='framework' value='wdio'/>
                <label name='thread' value='0-0'/>
                <label name='language' value='javascript'/>
                <label name='framework' value='wdio'/>
                <label name='thread' value='0-0'/>
                <label name='feature' value='Track and Trace Application Testing'/>
            </labels>
            <parameters>
                <parameter kind='argument' name='browser' value='chrome-110.0.5481.178'/>
                <parameter kind='argument' name='browser' value='chrome-110.0.5481.178'/>
            </parameters>
            <steps>
                <step start='1677566278983' status='passed' stop='1677566278983'>
                    <name>Brower has been opened successfully</name>
                    <title>Brower has been opened successfully</title>
                    <attachments/>
                    <steps/>
                </step>
                <step start='1677566279681' status='passed' stop='1677566279682'>
                    <name>User has entered username and password</name>
                    <title>User has entered username and password</title>
                    <attachments/>
                    <steps/>
                </step>
                <step start='1677566279988' status='passed' stop='1677566279988'>
                    <name>User has clicking on the Remember me and LOGIN button</name>
                    <title>User has clicking on the Remember me and LOGIN button</title>
                    <attachments/>
                    <steps/>
                </step>
            </steps>
            <attachments>
                <attachment title='Screenshot' source='2323ea37-f25a-411f-802f-fc31cc31c246-attachment.png' type='image/png' size='105462'/>
                <attachment title='Screenshot' source='b74bd376-5602-46b5-bb1b-289337ab69f3-attachment.png' type='image/png' size='104714'/>
            </attachments>
        </test-case>
        <test-case start='1677566281991' status='passed' stop='1677566288692'>
            <name>Validate Login with wrong Password</name>
            <title>Validate Login with wrong Password</title>
            <labels>
                <label name='language' value='javascript'/>
                <label name='framework' value='wdio'/>
                <label name='thread' value='0-0'/>
                <label name='language' value='javascript'/>
                <label name='framework' value='wdio'/>
                <label name='thread' value='0-0'/>
                <label name='feature' value='Track and Trace Application Testing'/>
            </labels>
            <parameters>
                <parameter kind='argument' name='browser' value='chrome-110.0.5481.178'/>
                <parameter kind='argument' name='browser' value='chrome-110.0.5481.178'/>
            </parameters>
            <steps>
                <step start='1677566285650' status='passed' stop='1677566285650'>
                    <name>Brower has been opened successfully</name>
                    <title>Brower has been opened successfully</title>
                    <attachments/>
                    <steps/>
                </step>
                <step start='1677566286372' status='passed' stop='1677566286372'>
                    <name>User has entered username and password</name>
                    <title>User has entered username and password</title>
                    <attachments/>
                    <steps/>
                </step>
                <step start='1677566286686' status='passed' stop='1677566286686'>
                    <name>User has clicking on the Remember me and LOGIN button</name>
                    <title>User has clicking on the Remember me and LOGIN button</title>
                    <attachments/>
                    <steps/>
                </step>
            </steps>
            <attachments>
                <attachment title='Screenshot' source='05c24dc6-9668-4729-8656-43247c499338-attachment.png' type='image/png' size='106044'/>
                <attachment title='Screenshot' source='7528b81d-18f9-4520-b682-6ef8b7723203-attachment.png' type='image/png' size='105310'/>
            </attachments>
        </test-case>
        <test-case start='1677566288692' status='passed' stop='1677566295650'>
            <name>Validate that Email field is mandatory</name>
            <title>Validate that Email field is mandatory</title>
            <labels>
                <label name='language' value='javascript'/>
                <label name='framework' value='wdio'/>
                <label name='thread' value='0-0'/>
                <label name='language' value='javascript'/>
                <label name='framework' value='wdio'/>
                <label name='thread' value='0-0'/>
                <label name='feature' value='Track and Trace Application Testing'/>
            </labels>
            <parameters>
                <parameter kind='argument' name='browser' value='chrome-110.0.5481.178'/>
                <parameter kind='argument' name='browser' value='chrome-110.0.5481.178'/>
            </parameters>
            <steps>
                <step start='1677566292546' status='passed' stop='1677566292546'>
                    <name>Brower has been opened successfully</name>
                    <title>Brower has been opened successfully</title>
                    <attachments/>
                    <steps/>
                </step>
                <step start='1677566293092' status='passed' stop='1677566293092'>
                    <name>User has entered username and password</name>
                    <title>User has entered username and password</title>
                    <attachments/>
                    <steps/>
                </step>
                <step start='1677566293408' status='passed' stop='1677566293408'>
                    <name>User has clicking on the Remember me and LOGIN button</name>
                    <title>User has clicking on the Remember me and LOGIN button</title>
                    <attachments/>
                    <steps/>
                </step>
                <step start='1677566295650' status='passed' stop='1677566295650'>
                    <name>Email is mandatory validation</name>
                    <title>Email is mandatory validation</title>
                    <attachments/>
                    <steps/>
                </step>
            </steps>
            <attachments>
                <attachment title='Screenshot' source='7fb20a2a-5d74-4880-b721-a1a86022473b-attachment.png' type='image/png' size='104029'/>
                <attachment title='Screenshot' source='e6733d8f-18ee-4359-9127-623f207f4227-attachment.png' type='image/png' size='103650'/>
                <attachment title='Screenshot' source='2357ce6b-9fb9-45cd-9b2b-8a4b5da18854-attachment.png' type='image/png' size='104024'/>
            </attachments>
        </test-case>
        <test-case start='1677566295651' status='passed' stop='1677566301939'>
            <name>Validate that Password field is mandatory</name>
            <title>Validate that Password field is mandatory</title>
            <labels>
                <label name='language' value='javascript'/>
                <label name='framework' value='wdio'/>
                <label name='thread' value='0-0'/>
                <label name='language' value='javascript'/>
                <label name='framework' value='wdio'/>
                <label name='thread' value='0-0'/>
                <label name='feature' value='Track and Trace Application Testing'/>
            </labels>
            <parameters>
                <parameter kind='argument' name='browser' value='chrome-110.0.5481.178'/>
                <parameter kind='argument' name='browser' value='chrome-110.0.5481.178'/>
            </parameters>
            <steps>
                <step start='1677566298801' status='passed' stop='1677566298801'>
                    <name>Brower has been opened successfully</name>
                    <title>Brower has been opened successfully</title>
                    <attachments/>
                    <steps/>
                </step>
                <step start='1677566299416' status='passed' stop='1677566299416'>
                    <name>User has entered username and password</name>
                    <title>User has entered username and password</title>
                    <attachments/>
                    <steps/>
                </step>
                <step start='1677566299714' status='passed' stop='1677566299714'>
                    <name>User has clicking on the Remember me and LOGIN button</name>
                    <title>User has clicking on the Remember me and LOGIN button</title>
                    <attachments/>
                    <steps/>
                </step>
                <step start='1677566301939' status='passed' stop='1677566301939'>
                    <name>Password is mandatory validation</name>
                    <title>Password is mandatory validation</title>
                    <attachments/>
                    <steps/>
                </step>
            </steps>
            <attachments>
                <attachment title='Screenshot' source='dcc4c8fd-2369-4135-ab3a-c6aa2e7be55c-attachment.png' type='image/png' size='108363'/>
                <attachment title='Screenshot' source='c605f825-77e9-4cd2-97f7-6f9fcdab6954-attachment.png' type='image/png' size='110948'/>
                <attachment title='Screenshot' source='1422beee-35bd-4138-a691-0cd38762b7c2-attachment.png' type='image/png' size='109371'/>
            </attachments>
        </test-case>
        <test-case start='1677566301940' status='failed' stop='1677566317009'>
            <name>Validate Remember me with select check box</name>
            <title>Validate Remember me with select check box</title>
            <labels>
                <label name='language' value='javascript'/>
                <label name='framework' value='wdio'/>
                <label name='thread' value='0-0'/>
                <label name='language' value='javascript'/>
                <label name='framework' value='wdio'/>
                <label name='thread' value='0-0'/>
                <label name='feature' value='Track and Trace Application Testing'/>
            </labels>
            <parameters>
                <parameter kind='argument' name='browser' value='chrome-110.0.5481.178'/>
                <parameter kind='argument' name='browser' value='chrome-110.0.5481.178'/>
            </parameters>
            <steps>
                <step start='1677566305503' status='passed' stop='1677566305503'>
                    <name>Brower has been opened successfully</name>
                    <title>Brower has been opened successfully</title>
                    <attachments/>
                    <steps/>
                </step>
                <step start='1677566306269' status='passed' stop='1677566306269'>
                    <name>User has entered username and password</name>
                    <title>User has entered username and password</title>
                    <attachments/>
                    <steps/>
                </step>
                <step start='1677566306609' status='passed' stop='1677566306609'>
                    <name>User has clicking on the Remember me and LOGIN button</name>
                    <title>User has clicking on the Remember me and LOGIN button</title>
                    <attachments/>
                    <steps/>
                </step>
            </steps>
            <attachments>
                <attachment title='Screenshot' source='315b230d-01df-40b2-968d-f9d45085fe68-attachment.png' type='image/png' size='105918'/>
                <attachment title='Screenshot' source='39e808b2-689c-4dad-9c7a-9909dee5ae80-attachment.png' type='image/png' size='105511'/>
                <attachment title='Screenshot' source='7904b036-656a-4abf-b191-d66de5dc32de-attachment.png' type='image/png' size='105612'/>
            </attachments>
            <failure>
                <message>Expect $(`h6.MuiTypography-root`) to have text containing
                
                Expected: "Track &amp; Trace"
                Received: "It's nice to have you back,"</message>
                <stack-trace>Error: Expect $(`h6.MuiTypography-root`) to have text containing
                
                Expected: "Track &amp; Trace"
                Received: "It's nice to have you back,"
                    at DashboardPage.checkHeading (C:\Users\argha\WebDriverIO-TrackNTrace\test\pageobjects\Dashboard.page.js:80:36)
                    at Context.&lt;anonymous> (C:\Users\argha\WebDriverIO-TrackNTrace\test\specs\Login.js:77:29)
                    at processTicksAndRejections (node:internal/process/task_queues:96:5)</stack-trace>
            </failure>
        </test-case>
        <test-case start='1677566317009' status='failed' stop='1677566332412'>
            <name>Validate Forget Password link</name>
            <title>Validate Forget Password link</title>
            <labels>
                <label name='language' value='javascript'/>
                <label name='framework' value='wdio'/>
                <label name='thread' value='0-0'/>
                <label name='language' value='javascript'/>
                <label name='framework' value='wdio'/>
                <label name='thread' value='0-0'/>
            </labels>
            <parameters>
                <parameter kind='argument' name='browser' value='chrome-110.0.5481.178'/>
                <parameter kind='argument' name='browser' value='chrome-110.0.5481.178'/>
            </parameters>
            <steps>
                <step start='1677566320741' status='passed' stop='1677566320741'>
                    <name>Clicking on the Forget Password button</name>
                    <title>Clicking on the Forget Password button</title>
                    <attachments/>
                    <steps/>
                </step>
                <step start='1677566321432' status='passed' stop='1677566321432'>
                    <name>User has entered email id and password</name>
                    <title>User has entered email id and password</title>
                    <attachments/>
                    <steps/>
                </step>
                <step start='1677566321691' status='passed' stop='1677566321691'>
                    <name>User has clicking on the login button</name>
                    <title>User has clicking on the login button</title>
                    <attachments/>
                    <steps/>
                </step>
            </steps>
            <attachments>
                <attachment title='Screenshot' source='0228e211-90a2-4103-bf0a-122dcdf90e3d-attachment.png' type='image/png' size='99774'/>
                <attachment title='Screenshot' source='69f875fe-a039-4d2e-9146-c17836a564eb-attachment.png' type='image/png' size='103126'/>
                <attachment title='Screenshot' source='99d57f8b-d63d-4465-bdab-f8cb6203ab63-attachment.png' type='image/png' size='102775'/>
                <attachment title='Screenshot' source='63410905-c9b9-4f74-86a7-99346ab2cfa7-attachment.png' type='image/png' size='103232'/>
            </attachments>
            <failure>
                <message>Expect $(`h6.MuiTypography-root`) to have text containing
                
                Expected: "Track &amp; Trace"
                Received: undefined</message>
                <stack-trace>Error: Expect $(`h6.MuiTypography-root`) to have text containing
                
                Expected: "Track &amp; Trace"
                Received: undefined
                    at DashboardPage.checkHeading (C:\Users\argha\WebDriverIO-TrackNTrace\test\pageobjects\Dashboard.page.js:80:36)
                    at Context.&lt;anonymous> (C:\Users\argha\WebDriverIO-TrackNTrace\test\specs\Login.js:88:29)
                    at runMicrotasks (&lt;anonymous>)
                    at processTicksAndRejections (node:internal/process/task_queues:96:5)</stack-trace>
            </failure>
        </test-case>
        <test-case start='1677566332413' status='passed' stop='1677566338395'>
            <name>Validate the Get started button</name>
            <title>Validate the Get started button</title>
            <labels>
                <label name='language' value='javascript'/>
                <label name='framework' value='wdio'/>
                <label name='thread' value='0-0'/>
                <label name='language' value='javascript'/>
                <label name='framework' value='wdio'/>
                <label name='thread' value='0-0'/>
            </labels>
            <parameters>
                <parameter kind='argument' name='browser' value='chrome-110.0.5481.178'/>
                <parameter kind='argument' name='browser' value='chrome-110.0.5481.178'/>
            </parameters>
            <steps>
                <step start='1677566336182' status='passed' stop='1677566336182'>
                    <name>Clicking on the Get Started button</name>
                    <title>Clicking on the Get Started button</title>
                    <attachments/>
                    <steps/>
                </step>
                <step start='1677566338395' status='passed' stop='1677566338395'>
                    <name>Validte the heading of the register page</name>
                    <title>Validte the heading of the register page</title>
                    <attachments/>
                    <steps/>
                </step>
            </steps>
            <attachments>
                <attachment title='Screenshot' source='3361e602-81e1-473a-8bbf-a89aaf730ea4-attachment.png' type='image/png' size='119702'/>
                <attachment title='Screenshot' source='bd4502aa-6420-4c56-9cbd-83243a890fc9-attachment.png' type='image/png' size='119860'/>
            </attachments>
        </test-case>
    </test-cases>
</ns2:test-suite>